<?xml version="1.0" encoding="UTF-8"?>
<!-- Generated by org.testng.reporters.JUnitXMLReporter -->
<testsuite ignored="0" hostname="HOME-PC" failures="5" tests="9" name="Test" time="530.318" errors="0" timestamp="2021-08-20T13:29:34 IST">
  <testcase classname="Tc_mystore_TestCases.Test_Homepage" name="orderHistoryandDetailsTest" time="6.254">
    <failure type="java.lang.NullPointerException">
      <![CDATA[java.lang.NullPointerException
at Tc_mystore_TestCases.Test_Homepage.orderHistoryandDetailsTest(Test_Homepage.java:69)
at java.base/java.util.ArrayList.forEach(ArrayList.java:1541)
... Removed 27 stack frames]]>
    </failure>
  </testcase> <!-- orderHistoryandDetailsTest -->
  <testcase classname="Tc_mystore_TestCases.Test_Homepage" name="wishListTest" time="5.688">
    <failure type="java.lang.NullPointerException">
      <![CDATA[java.lang.NullPointerException
at Tc_mystore_TestCases.Test_Homepage.wishListTest(Test_Homepage.java:48)
at java.base/java.util.ArrayList.forEach(ArrayList.java:1541)
... Removed 27 stack frames]]>
    </failure>
  </testcase> <!-- wishListTest -->
  <testcase classname="Tc_mystore_TestCases.Test_SearchResultpage" name="productAvailabilityTest" time="9.175"/>
  <testcase classname="Tc_mystore_TestCases.Test_Indexpage" name="verifyLogo" time="0.185"/>
  <testcase classname="Tc_mystore_TestCases.Test_Indexpage" name="verifyTitle" time="0.108"/>
  <testcase classname="Tc_mystore_TestCases.Test_OrderPageTest" name="verifyTotalPrice" time="36.606">
    <failure type="java.lang.NullPointerException">
      <![CDATA[java.lang.NullPointerException
at org.openqa.selenium.support.pagefactory.DefaultElementLocator.findElement(DefaultElementLocator.java:69)
at org.openqa.selenium.support.pagefactory.internal.LocatingElementHandler.invoke(LocatingElementHandler.java:38)
at com.sun.proxy.$Proxy18.getText(Unknown Source)
at Tc_mystore_PageObjects.TC_Orderpage.getUnitPrice(TC_Orderpage.java:29)
at Tc_mystore_TestCases.Test_OrderPageTest.verifyTotalPrice(Test_OrderPageTest.java:46)
at java.base/java.util.ArrayList.forEach(ArrayList.java:1541)
... Removed 27 stack frames]]>
    </failure>
  </testcase> <!-- verifyTotalPrice -->
  <testcase classname="Tc_mystore_TestCases.Test_LoginPage" name="loginTest" time="7.073">
    <failure type="java.lang.NullPointerException">
      <![CDATA[java.lang.NullPointerException
at Tc_mystore_TestCases.Test_LoginPage.loginTest(Test_LoginPage.java:50)
at java.base/java.util.ArrayList.forEach(ArrayList.java:1541)
... Removed 27 stack frames]]>
    </failure>
  </testcase> <!-- loginTest -->
  <testcase classname="Tc_mystore_TestCases.Test_AddToCartPage" name="addToCartTest" time="20.527"/>
  <testcase classname="Tc_mystore_TestCases.TC_EndToEnd" name="endToEndTest" time="24.093">
    <failure type="java.lang.NullPointerException">
      <![CDATA[java.lang.NullPointerException
at java.base/java.util.Objects.requireNonNull(Objects.java:221)
at org.openqa.selenium.interactions.Actions.<init>(Actions.java:65)
at Tc_mystore_PageObjects.TC_Actionclass.click(TC_Actionclass.java:41)
at Tc_mystore_PageObjects.TC_Orderpage.clickOnCheckOut(TC_Orderpage.java:43)
at Tc_mystore_TestCases.TC_EndToEnd.endToEndTest(TC_EndToEnd.java:59)
at java.base/java.util.ArrayList.forEach(ArrayList.java:1541)
... Removed 27 stack frames]]>
    </failure>
  </testcase> <!-- endToEndTest -->
</testsuite> <!-- Test -->
